<?xml version="1.0" encoding="UTF-8"?>
<testng-results ignored="0" total="2" passed="2" failed="0" skipped="0">
  <reporter-output>
  </reporter-output>
  <suite started-at="2018-10-17T15:18:39Z" name="InetBankingV2" finished-at="2018-10-17T15:19:34Z" duration-ms="55394">
    <groups>
    </groups>
    <test started-at="2018-10-17T15:18:39Z" name="BankingApp Test1" finished-at="2018-10-17T15:19:34Z" duration-ms="55394">
      <class name="com.inetbanking.testCases.TC_LoginTest_001">
        <test-method is-config="true" signature="setup(java.lang.String)[pri:0, instance:com.inetbanking.testCases.TC_LoginTest_001@131774fe]" started-at="2018-10-17T15:18:39Z" name="setup" finished-at="2018-10-17T15:18:55Z" duration-ms="15516" status="PASS">
          <params>
            <param index="0">
              <value>
                <![CDATA[chrome]]>
              </value>
            </param>
          </params>
          <reporter-output>
          </reporter-output>
        </test-method> <!-- setup -->
        <test-method signature="loginTest()[pri:0, instance:com.inetbanking.testCases.TC_LoginTest_001@131774fe]" started-at="2018-10-17T15:18:55Z" name="loginTest" finished-at="2018-10-17T15:19:06Z" duration-ms="11229" status="PASS">
          <reporter-output>
          </reporter-output>
        </test-method> <!-- loginTest -->
        <test-method is-config="true" signature="tearDown()[pri:0, instance:com.inetbanking.testCases.TC_LoginTest_001@131774fe]" started-at="2018-10-17T15:19:06Z" name="tearDown" finished-at="2018-10-17T15:19:07Z" duration-ms="652" status="PASS">
          <reporter-output>
          </reporter-output>
        </test-method> <!-- tearDown -->
      </class> <!-- com.inetbanking.testCases.TC_LoginTest_001 -->
      <class name="com.inetbanking.testCases.TC_AddCustomerTest_003">
        <test-method is-config="true" signature="setup(java.lang.String)[pri:0, instance:com.inetbanking.testCases.TC_AddCustomerTest_003@158d2680]" started-at="2018-10-17T15:19:07Z" name="setup" finished-at="2018-10-17T15:19:13Z" duration-ms="6783" status="PASS">
          <params>
            <param index="0">
              <value>
                <![CDATA[chrome]]>
              </value>
            </param>
          </params>
          <reporter-output>
          </reporter-output>
        </test-method> <!-- setup -->
        <test-method signature="addNewCustomer()[pri:0, instance:com.inetbanking.testCases.TC_AddCustomerTest_003@158d2680]" started-at="2018-10-17T15:19:13Z" name="addNewCustomer" finished-at="2018-10-17T15:19:34Z" duration-ms="20160" status="PASS">
          <reporter-output>
          </reporter-output>
        </test-method> <!-- addNewCustomer -->
        <test-method is-config="true" signature="tearDown()[pri:0, instance:com.inetbanking.testCases.TC_AddCustomerTest_003@158d2680]" started-at="2018-10-17T15:19:34Z" name="tearDown" finished-at="2018-10-17T15:19:34Z" duration-ms="646" status="PASS">
          <reporter-output>
          </reporter-output>
        </test-method> <!-- tearDown -->
      </class> <!-- com.inetbanking.testCases.TC_AddCustomerTest_003 -->
    </test> <!-- BankingApp Test1 -->
  </suite> <!-- InetBankingV2 -->
</testng-results>
